Using pre-set license
Built from '6000.0/staging' branch; Version is '6000.0.23f1 (1c4764c07fb4) revision 1853284'; Using compiler version '193933523'; Build Type 'Release'
OS: 'Windows 11  (10.0.22631) 64bit CoreSingleLanguage' Language: 'en' Physical Memory: 15755 MB
BatchMode: 1, IsHumanControllingUs: 0, StartBugReporterOnCrash: 0, Is64bit: 1, IsPro: 1

COMMAND LINE ARGUMENTS:
C:\Program Files\Unity\Hub\Editor\6000.0.23f1\Editor\Unity.exe
-adb2
-batchMode
-noUpm
-name
AssetImportWorker1
-projectPath
A:/2D_Platformer_Auro
-logFile
Logs/AssetImportWorker1.log
-srvPort
49804
-job-worker-count
5
-background-job-worker-count
8
-asset-garbage-collectors
1
Successfully changed project path to: A:/2D_Platformer_Auro
A:/2D_Platformer_Auro
[UnityMemory] Configuration Parameters - Can be set up in boot.config
    "memorysetup-bucket-allocator-granularity=16"
    "memorysetup-bucket-allocator-bucket-count=8"
    "memorysetup-bucket-allocator-block-size=33554432"
    "memorysetup-bucket-allocator-block-count=8"
    "memorysetup-main-allocator-block-size=16777216"
    "memorysetup-thread-allocator-block-size=16777216"
    "memorysetup-gfx-main-allocator-block-size=16777216"
    "memorysetup-gfx-thread-allocator-block-size=16777216"
    "memorysetup-cache-allocator-block-size=4194304"
    "memorysetup-typetree-allocator-block-size=2097152"
    "memorysetup-profiler-bucket-allocator-granularity=16"
    "memorysetup-profiler-bucket-allocator-bucket-count=8"
    "memorysetup-profiler-bucket-allocator-block-size=33554432"
    "memorysetup-profiler-bucket-allocator-block-count=8"
    "memorysetup-profiler-allocator-block-size=16777216"
    "memorysetup-profiler-editor-allocator-block-size=1048576"
    "memorysetup-temp-allocator-size-main=16777216"
    "memorysetup-job-temp-allocator-block-size=2097152"
    "memorysetup-job-temp-allocator-block-size-background=1048576"
    "memorysetup-job-temp-allocator-reduction-small-platforms=262144"
    "memorysetup-allocator-temp-initial-block-size-main=262144"
    "memorysetup-allocator-temp-initial-block-size-worker=262144"
    "memorysetup-temp-allocator-size-background-worker=32768"
    "memorysetup-temp-allocator-size-job-worker=262144"
    "memorysetup-temp-allocator-size-preload-manager=33554432"
    "memorysetup-temp-allocator-size-nav-mesh-worker=65536"
    "memorysetup-temp-allocator-size-audio-worker=65536"
    "memorysetup-temp-allocator-size-cloud-worker=32768"
    "memorysetup-temp-allocator-size-gi-baking-worker=262144"
    "memorysetup-temp-allocator-size-gi-baking-worker=262144"
    "memorysetup-temp-allocator-size-gi-baking-worker=262144"
    "memorysetup-temp-allocator-size-gi-baking-worker=262144"
    "memorysetup-temp-allocator-size-gi-baking-worker=262144"
    "memorysetup-temp-allocator-size-gfx=262144"
Player connection [13616]  Target information:

Player connection [13616]  * "[IP] 192.168.75.208 [Port] 0 [Flags] 2 [Guid] 3510623426 [EditorId] 3510623426 [Version] 1048832 [Id] WindowsEditor(7,Deatheater) [Debug] 1 [PackageName] WindowsEditor [ProjectName] Editor" 

Player connection [13616] Host joined multi-casting on [225.0.0.222:54997]...
Player connection [13616] Host joined alternative multi-casting on [225.0.0.222:34997]...
JobSystem: Creating JobQueue using job-worker-count value 5
[Physics::Module] Initialized fallback backend.
[Physics::Module] Id: 0xdecafbad
Library Redirect Path: Library/
[Physics::Module] Selected backend.
[Physics::Module] Name: PhysX
[Physics::Module] Id: 0xf2b8ea05
[Physics::Module] SDK Version: 4.1.2
[Physics::Module] Integration Version: 1.0.0
[Physics::Module] Threading Mode: Multi-Threaded
Refreshing native plugins compatible for Editor in 2.77 ms, found 4 plugins.
Preloading 0 native plugins for Editor in 0.00 ms.
Initialize engine version: 6000.0.23f1 (1c4764c07fb4)
[Subsystems] Discovering subsystems at path C:/Program Files/Unity/Hub/Editor/6000.0.23f1/Editor/Data/Resources/UnitySubsystems
[Subsystems] Discovering subsystems at path A:/2D_Platformer_Auro/Assets
GfxDevice: creating device client; kGfxThreadingModeNonThreaded
Direct3D:
    Version:  Direct3D 11.0 [level 11.1]
    Renderer: AMD Radeon(TM) Graphics (ID=0x164c)
    Vendor:   ATI
    VRAM:     7877 MB
    Driver:   30.0.13044.14002
Initialize mono
Mono path[0] = 'C:/Program Files/Unity/Hub/Editor/6000.0.23f1/Editor/Data/Managed'
Mono path[1] = 'C:/Program Files/Unity/Hub/Editor/6000.0.23f1/Editor/Data/MonoBleedingEdge/lib/mono/unityjit-win32'
Mono config path = 'C:/Program Files/Unity/Hub/Editor/6000.0.23f1/Editor/Data/MonoBleedingEdge/etc'
Using monoOptions --debugger-agent=transport=dt_socket,embedding=1,server=y,suspend=n,address=127.0.0.1:56076
Begin MonoManager ReloadAssembly
Registering precompiled unity dll's ...
Register platform support module: C:/Program Files/Unity/Hub/Editor/6000.0.23f1/Editor/Data/PlaybackEngines/WindowsStandaloneSupport/UnityEditor.WindowsStandalone.Extensions.dll
Registered in 0.004123 seconds.
- Loaded All Assemblies, in  0.457 seconds
Native extension for WindowsStandalone target not found
Mono: successfully reloaded assembly
- Finished resetting the current domain, in  0.367 seconds
Domain Reload Profiling: 822ms
	BeginReloadAssembly (178ms)
		ExecutionOrderSort (0ms)
		DisableScriptedObjects (0ms)
		BackupInstance (0ms)
		ReleaseScriptingObjects (0ms)
		CreateAndSetChildDomain (1ms)
	RebuildCommonClasses (44ms)
	RebuildNativeTypeToScriptingClass (14ms)
	initialDomainReloadingComplete (55ms)
	LoadAllAssembliesAndSetupDomain (164ms)
		LoadAssemblies (173ms)
		RebuildTransferFunctionScriptingTraits (0ms)
		AnalyzeDomain (161ms)
			TypeCache.Refresh (159ms)
				TypeCache.ScanAssembly (146ms)
			BuildScriptInfoCaches (0ms)
			ResolveRequiredComponents (1ms)
	FinalizeReload (367ms)
		ReleaseScriptCaches (0ms)
		RebuildScriptCaches (0ms)
		SetupLoadedEditorAssemblies (318ms)
			LogAssemblyErrors (0ms)
			InitializePlatformSupportModulesInManaged (26ms)
			SetLoadedEditorAssemblies (5ms)
			BeforeProcessingInitializeOnLoad (8ms)
			ProcessInitializeOnLoadAttributes (204ms)
			ProcessInitializeOnLoadMethodAttributes (72ms)
			AfterProcessingInitializeOnLoad (3ms)
			EditorAssembliesLoaded (0ms)
		ExecutionOrderSort2 (0ms)
		AwakeInstancesAfterBackupRestoration (0ms)
========================================================================
Worker process is ready to serve import requests
Import Worker Mode flag is 0x00
Begin MonoManager ReloadAssembly
- Loaded All Assemblies, in  1.300 seconds
Refreshing native plugins compatible for Editor in 1.90 ms, found 4 plugins.
Native extension for WindowsStandalone target not found
Mono: successfully reloaded assembly
- Finished resetting the current domain, in  1.259 seconds
Domain Reload Profiling: 2557ms
	BeginReloadAssembly (470ms)
		ExecutionOrderSort (0ms)
		DisableScriptedObjects (6ms)
		BackupInstance (0ms)
		ReleaseScriptingObjects (0ms)
		CreateAndSetChildDomain (35ms)
	RebuildCommonClasses (41ms)
	RebuildNativeTypeToScriptingClass (14ms)
	initialDomainReloadingComplete (41ms)
	LoadAllAssembliesAndSetupDomain (731ms)
		LoadAssemblies (475ms)
		RebuildTransferFunctionScriptingTraits (0ms)
		AnalyzeDomain (374ms)
			TypeCache.Refresh (254ms)
				TypeCache.ScanAssembly (231ms)
			BuildScriptInfoCaches (100ms)
			ResolveRequiredComponents (16ms)
	FinalizeReload (1260ms)
		ReleaseScriptCaches (0ms)
		RebuildScriptCaches (0ms)
		SetupLoadedEditorAssemblies (914ms)
			LogAssemblyErrors (0ms)
			InitializePlatformSupportModulesInManaged (3ms)
			SetLoadedEditorAssemblies (6ms)
			BeforeProcessingInitializeOnLoad (80ms)
			ProcessInitializeOnLoadAttributes (670ms)
			ProcessInitializeOnLoadMethodAttributes (141ms)
			AfterProcessingInitializeOnLoad (13ms)
			EditorAssembliesLoaded (0ms)
		ExecutionOrderSort2 (0ms)
		AwakeInstancesAfterBackupRestoration (7ms)
Launched and connected shader compiler UnityShaderCompiler.exe after 0.01 seconds
Refreshing native plugins compatible for Editor in 2.21 ms, found 4 plugins.
Preloading 0 native plugins for Editor in 0.00 ms.
Unloading 206 Unused Serialized files (Serialized files now loaded: 0)
Unloading 6530 unused Assets / (5.1 MB). Loaded Objects now: 7309.
Memory consumption went from 199.4 MB to 194.4 MB.
Total: 16.343800 ms (FindLiveObjects: 1.233800 ms CreateObjectMapping: 1.676100 ms MarkObjects: 8.450400 ms  DeleteObjects: 4.980800 ms)

========================================================================
Received Import Request.
  Time since last request: 13445.631266 seconds.
  path: Assets/Sprites/Enemy
  artifactKey: Guid(ce149b37aa68a5842a5a3e22fcb6941c) Importer(815301076,1909f56bfc062723c751e8b465ee728b)
Start importing Assets/Sprites/Enemy using Guid(ce149b37aa68a5842a5a3e22fcb6941c) Importer(815301076,1909f56bfc062723c751e8b465ee728b) (PreviewImporter) -> (artifact id: '3543c1921ecd79fa762e30f3f866f537') in 0.0061399 seconds
Number of updated asset objects reloaded before import = 0Number of asset objects unloaded after import = 0

========================================================================
Received Import Request.
  Time since last request: 9.067965 seconds.
  path: Assets/Sprites/Enemy/Dying/0_Orc_Dying_001.png
  artifactKey: Guid(a340a027880aa7a47bcadc1183bbc1af) Importer(815301076,1909f56bfc062723c751e8b465ee728b)
Start importing Assets/Sprites/Enemy/Dying/0_Orc_Dying_001.png using Guid(a340a027880aa7a47bcadc1183bbc1af) Importer(815301076,1909f56bfc062723c751e8b465ee728b) (PreviewImporter) -> (artifact id: '6cd114d503adb97f9ef612c3a7c4d302') in 0.1199614 seconds
Number of updated asset objects reloaded before import = 0Number of asset objects unloaded after import = 3

========================================================================
Received Import Request.
  Time since last request: 0.000045 seconds.
  path: Assets/Sprites/Enemy/Dying/0_Orc_Dying_003.png
  artifactKey: Guid(5d1421acfe3dcd34f904fd3fcb69c917) Importer(815301076,1909f56bfc062723c751e8b465ee728b)
Start importing Assets/Sprites/Enemy/Dying/0_Orc_Dying_003.png using Guid(5d1421acfe3dcd34f904fd3fcb69c917) Importer(815301076,1909f56bfc062723c751e8b465ee728b) (PreviewImporter) -> (artifact id: 'c23198fd5a28f95213e1812b0dedaf8f') in 0.0234019 seconds
Number of updated asset objects reloaded before import = 0Number of asset objects unloaded after import = 3

========================================================================
Received Import Request.
  Time since last request: 0.000052 seconds.
  path: Assets/Sprites/Enemy/Idle Blinking/0_Orc_Idle Blinking_006.png
  artifactKey: Guid(b7811770659cab44188b68d0205b4c9f) Importer(815301076,1909f56bfc062723c751e8b465ee728b)
Start importing Assets/Sprites/Enemy/Idle Blinking/0_Orc_Idle Blinking_006.png using Guid(b7811770659cab44188b68d0205b4c9f) Importer(815301076,1909f56bfc062723c751e8b465ee728b) (PreviewImporter) -> (artifact id: '2c1842ace349fcebb8021f141882d28e') in 0.027143 seconds
Number of updated asset objects reloaded before import = 0Number of asset objects unloaded after import = 3

========================================================================
Received Import Request.
  Time since last request: 0.000053 seconds.
  path: Assets/Sprites/Enemy/Idle Blinking/0_Orc_Idle Blinking_011.png
  artifactKey: Guid(12693e6f0692be2418a37c5f3e5a32ce) Importer(815301076,1909f56bfc062723c751e8b465ee728b)
Start importing Assets/Sprites/Enemy/Idle Blinking/0_Orc_Idle Blinking_011.png using Guid(12693e6f0692be2418a37c5f3e5a32ce) Importer(815301076,1909f56bfc062723c751e8b465ee728b) (PreviewImporter) -> (artifact id: '8fe55fd28c95906c34a093c1837e4e05') in 0.0246652 seconds
Number of updated asset objects reloaded before import = 0Number of asset objects unloaded after import = 3

========================================================================
Received Import Request.
  Time since last request: 0.000026 seconds.
  path: Assets/Sprites/Enemy/Idle/0_Orc_Idle_000.png
  artifactKey: Guid(c3d8152272873a5489a234832bec0726) Importer(815301076,1909f56bfc062723c751e8b465ee728b)
Start importing Assets/Sprites/Enemy/Idle/0_Orc_Idle_000.png using Guid(c3d8152272873a5489a234832bec0726) Importer(815301076,1909f56bfc062723c751e8b465ee728b) (PreviewImporter) -> (artifact id: '7a52678da4fe08a2cb40188e8ec0b03a') in 0.0234652 seconds
Number of updated asset objects reloaded before import = 0Number of asset objects unloaded after import = 3

========================================================================
Received Import Request.
  Time since last request: 0.000028 seconds.
  path: Assets/Sprites/Enemy/Jump Start/0_Orc_Jump Start_005.png
  artifactKey: Guid(de57b2e3224a06440a302b1238337899) Importer(815301076,1909f56bfc062723c751e8b465ee728b)
Start importing Assets/Sprites/Enemy/Jump Start/0_Orc_Jump Start_005.png using Guid(de57b2e3224a06440a302b1238337899) Importer(815301076,1909f56bfc062723c751e8b465ee728b) (PreviewImporter) -> (artifact id: '443f127b4e717bdec9421db4ad244ad9') in 0.0236017 seconds
Number of updated asset objects reloaded before import = 0Number of asset objects unloaded after import = 3

========================================================================
Received Import Request.
  Time since last request: 0.000033 seconds.
  path: Assets/Sprites/Enemy/Idle/0_Orc_Idle_015.png
  artifactKey: Guid(817db0e2affb7224e955d65b0d6e93ab) Importer(815301076,1909f56bfc062723c751e8b465ee728b)
Start importing Assets/Sprites/Enemy/Idle/0_Orc_Idle_015.png using Guid(817db0e2affb7224e955d65b0d6e93ab) Importer(815301076,1909f56bfc062723c751e8b465ee728b) (PreviewImporter) -> (artifact id: 'b031b9f3618ac554147eddb90647bd97') in 0.0254007 seconds
Number of updated asset objects reloaded before import = 0Number of asset objects unloaded after import = 3

========================================================================
Received Import Request.
  Time since last request: 0.000046 seconds.
  path: Assets/Sprites/Enemy/Jump Start/0_Orc_Jump Start_003.png
  artifactKey: Guid(0b7f1eb7465aa4045996f8596c4383b2) Importer(815301076,1909f56bfc062723c751e8b465ee728b)
Start importing Assets/Sprites/Enemy/Jump Start/0_Orc_Jump Start_003.png using Guid(0b7f1eb7465aa4045996f8596c4383b2) Importer(815301076,1909f56bfc062723c751e8b465ee728b) (PreviewImporter) -> (artifact id: '55dc74453fa07f831b62b9423917e759') in 0.0238846 seconds
Number of updated asset objects reloaded before import = 0Number of asset objects unloaded after import = 3

========================================================================
Received Import Request.
  Time since last request: 0.000043 seconds.
  path: Assets/Sprites/Enemy/Idle/0_Orc_Idle_012.png
  artifactKey: Guid(1c7003010c54a7440a779edd9acc8670) Importer(815301076,1909f56bfc062723c751e8b465ee728b)
Start importing Assets/Sprites/Enemy/Idle/0_Orc_Idle_012.png using Guid(1c7003010c54a7440a779edd9acc8670) Importer(815301076,1909f56bfc062723c751e8b465ee728b) (PreviewImporter) -> (artifact id: 'cec01edeef0703bf59d0f2bf67ad8619') in 0.0253427 seconds
Number of updated asset objects reloaded before import = 0Number of asset objects unloaded after import = 3

========================================================================
Received Import Request.
  Time since last request: 0.000027 seconds.
  path: Assets/Sprites/Enemy/Idle/0_Orc_Idle_001.png
  artifactKey: Guid(c3d0e0db7fbd9ea4f9104c6b530b1922) Importer(815301076,1909f56bfc062723c751e8b465ee728b)
Start importing Assets/Sprites/Enemy/Idle/0_Orc_Idle_001.png using Guid(c3d0e0db7fbd9ea4f9104c6b530b1922) Importer(815301076,1909f56bfc062723c751e8b465ee728b) (PreviewImporter) -> (artifact id: '91ce3a4481ec9c7c7971db4bd29aeb29') in 0.0249098 seconds
Number of updated asset objects reloaded before import = 0Number of asset objects unloaded after import = 3

========================================================================
Received Import Request.
  Time since last request: 0.000025 seconds.
  path: Assets/Sprites/Enemy/Falling Down/0_Orc_Falling Down_005.png
  artifactKey: Guid(38adea181486230439a6414953a310b4) Importer(815301076,1909f56bfc062723c751e8b465ee728b)
Start importing Assets/Sprites/Enemy/Falling Down/0_Orc_Falling Down_005.png using Guid(38adea181486230439a6414953a310b4) Importer(815301076,1909f56bfc062723c751e8b465ee728b) (PreviewImporter) -> (artifact id: '523820bdd1c8aad0de7bb7d17165dac4') in 0.0262084 seconds
Number of updated asset objects reloaded before import = 0Number of asset objects unloaded after import = 3

========================================================================
Received Import Request.
  Time since last request: 0.000039 seconds.
  path: Assets/Sprites/Enemy/Dying/0_Orc_Dying_008.png
  artifactKey: Guid(62ed232a9f7a6f846b9843e1f3e42389) Importer(815301076,1909f56bfc062723c751e8b465ee728b)
Start importing Assets/Sprites/Enemy/Dying/0_Orc_Dying_008.png using Guid(62ed232a9f7a6f846b9843e1f3e42389) Importer(815301076,1909f56bfc062723c751e8b465ee728b) (PreviewImporter) -> (artifact id: '45253334813428556639ddaf8b6ac16c') in 0.0256996 seconds
Number of updated asset objects reloaded before import = 0Number of asset objects unloaded after import = 3

========================================================================
Received Import Request.
  Time since last request: 0.000030 seconds.
  path: Assets/Sprites/Enemy/Jump Start/0_Orc_Jump Start_001.png
  artifactKey: Guid(4dd343f6897d9334098ba396bbb58589) Importer(815301076,1909f56bfc062723c751e8b465ee728b)
Start importing Assets/Sprites/Enemy/Jump Start/0_Orc_Jump Start_001.png using Guid(4dd343f6897d9334098ba396bbb58589) Importer(815301076,1909f56bfc062723c751e8b465ee728b) (PreviewImporter) -> (artifact id: '80bfc200aec139944551b842567da566') in 0.021096 seconds
Number of updated asset objects reloaded before import = 0Number of asset objects unloaded after import = 3

========================================================================
Received Import Request.
  Time since last request: 0.000060 seconds.
  path: Assets/Sprites/Enemy/Idle Blinking/0_Orc_Idle Blinking_000.png
  artifactKey: Guid(6b135818653bea44788ff742ad76617d) Importer(815301076,1909f56bfc062723c751e8b465ee728b)
Start importing Assets/Sprites/Enemy/Idle Blinking/0_Orc_Idle Blinking_000.png using Guid(6b135818653bea44788ff742ad76617d) Importer(815301076,1909f56bfc062723c751e8b465ee728b) (PreviewImporter) -> (artifact id: '3fa7eb1a742557df5bda155243a3d95f') in 0.0225788 seconds
Number of updated asset objects reloaded before import = 0Number of asset objects unloaded after import = 3

========================================================================
Received Import Request.
  Time since last request: 0.000023 seconds.
  path: Assets/Sprites/Enemy/Idle/0_Orc_Idle_002.png
  artifactKey: Guid(6a2a5a53af623d04fa0734276d628534) Importer(815301076,1909f56bfc062723c751e8b465ee728b)
Start importing Assets/Sprites/Enemy/Idle/0_Orc_Idle_002.png using Guid(6a2a5a53af623d04fa0734276d628534) Importer(815301076,1909f56bfc062723c751e8b465ee728b) (PreviewImporter) -> (artifact id: '2323b513214349a516f88cfabda98a4a') in 0.0261512 seconds
Number of updated asset objects reloaded before import = 0Number of asset objects unloaded after import = 3

========================================================================
Received Import Request.
  Time since last request: 0.000038 seconds.
  path: Assets/Sprites/Enemy/Dying/0_Orc_Dying_011.png
  artifactKey: Guid(a3005db40c7b7f54692e06c7300236a5) Importer(815301076,1909f56bfc062723c751e8b465ee728b)
Start importing Assets/Sprites/Enemy/Dying/0_Orc_Dying_011.png using Guid(a3005db40c7b7f54692e06c7300236a5) Importer(815301076,1909f56bfc062723c751e8b465ee728b) (PreviewImporter) -> (artifact id: 'd3606aadec98a0b3fc46ffb5f2ad67d3') in 0.0236861 seconds
Number of updated asset objects reloaded before import = 0Number of asset objects unloaded after import = 3

========================================================================
Received Import Request.
  Time since last request: 0.000019 seconds.
  path: Assets/Sprites/Enemy/Falling Down/0_Orc_Falling Down_000.png
  artifactKey: Guid(11bac1c53eb18764b827ee6e9a366153) Importer(815301076,1909f56bfc062723c751e8b465ee728b)
Start importing Assets/Sprites/Enemy/Falling Down/0_Orc_Falling Down_000.png using Guid(11bac1c53eb18764b827ee6e9a366153) Importer(815301076,1909f56bfc062723c751e8b465ee728b) (PreviewImporter) -> (artifact id: '42b40cef46088b18b72297e2d6ebeb4d') in 0.0237693 seconds
Number of updated asset objects reloaded before import = 0Number of asset objects unloaded after import = 3

========================================================================
Received Import Request.
  Time since last request: 0.000030 seconds.
  path: Assets/Sprites/Enemy/Idle Blinking/0_Orc_Idle Blinking_009.png
  artifactKey: Guid(1cdf8fe98d3bb2041bfac263b3e4f62a) Importer(815301076,1909f56bfc062723c751e8b465ee728b)
Start importing Assets/Sprites/Enemy/Idle Blinking/0_Orc_Idle Blinking_009.png using Guid(1cdf8fe98d3bb2041bfac263b3e4f62a) Importer(815301076,1909f56bfc062723c751e8b465ee728b) (PreviewImporter) -> (artifact id: '28d3cfd91f1baf7701dacc18cb359b7a') in 0.0244748 seconds
Number of updated asset objects reloaded before import = 0Number of asset objects unloaded after import = 3

========================================================================
Received Import Request.
  Time since last request: 0.000035 seconds.
  path: Assets/Sprites/Enemy/Idle/0_Orc_Idle_016.png
  artifactKey: Guid(f56323c3e6bfcae41ac05068ce08f64b) Importer(815301076,1909f56bfc062723c751e8b465ee728b)
Start importing Assets/Sprites/Enemy/Idle/0_Orc_Idle_016.png using Guid(f56323c3e6bfcae41ac05068ce08f64b) Importer(815301076,1909f56bfc062723c751e8b465ee728b) (PreviewImporter) -> (artifact id: '0597c053a6055c2da931a3d787b28164') in 0.0215549 seconds
Number of updated asset objects reloaded before import = 0Number of asset objects unloaded after import = 3

========================================================================
Received Import Request.
  Time since last request: 0.000033 seconds.
  path: Assets/Sprites/Enemy/Idle/0_Orc_Idle_006.png
  artifactKey: Guid(de48ff2faa16c7f4591ca0d6e19fcd1b) Importer(815301076,1909f56bfc062723c751e8b465ee728b)
Start importing Assets/Sprites/Enemy/Idle/0_Orc_Idle_006.png using Guid(de48ff2faa16c7f4591ca0d6e19fcd1b) Importer(815301076,1909f56bfc062723c751e8b465ee728b) (PreviewImporter) -> (artifact id: '041d2a9ca0004186d4c45ba56a306714') in 0.0220716 seconds
Number of updated asset objects reloaded before import = 0Number of asset objects unloaded after import = 3

========================================================================
Received Import Request.
  Time since last request: 0.000033 seconds.
  path: Assets/Sprites/Enemy/Hurt/0_Orc_Hurt_003.png
  artifactKey: Guid(0b2383c27db5d8846b432f5ed7f5ceb0) Importer(815301076,1909f56bfc062723c751e8b465ee728b)
Start importing Assets/Sprites/Enemy/Hurt/0_Orc_Hurt_003.png using Guid(0b2383c27db5d8846b432f5ed7f5ceb0) Importer(815301076,1909f56bfc062723c751e8b465ee728b) (PreviewImporter) -> (artifact id: '281457cd4b4924c3caa927034a815a69') in 0.0284465 seconds
Number of updated asset objects reloaded before import = 0Number of asset objects unloaded after import = 3

========================================================================
Received Import Request.
  Time since last request: 0.000021 seconds.
  path: Assets/Sprites/Enemy/Idle Blinking/0_Orc_Idle Blinking_008.png
  artifactKey: Guid(9a0c54891b9222243a91102662a67ce4) Importer(815301076,1909f56bfc062723c751e8b465ee728b)
Start importing Assets/Sprites/Enemy/Idle Blinking/0_Orc_Idle Blinking_008.png using Guid(9a0c54891b9222243a91102662a67ce4) Importer(815301076,1909f56bfc062723c751e8b465ee728b) (PreviewImporter) -> (artifact id: '5aa2f2e6e7ee20f554963002ebe5052b') in 0.0259832 seconds
Number of updated asset objects reloaded before import = 0Number of asset objects unloaded after import = 3

========================================================================
Received Import Request.
  Time since last request: 0.000051 seconds.
  path: Assets/Sprites/Enemy/Falling Down/0_Orc_Falling Down_002.png
  artifactKey: Guid(b2f66351d54707c4e9c08f14f741a4e9) Importer(815301076,1909f56bfc062723c751e8b465ee728b)
Start importing Assets/Sprites/Enemy/Falling Down/0_Orc_Falling Down_002.png using Guid(b2f66351d54707c4e9c08f14f741a4e9) Importer(815301076,1909f56bfc062723c751e8b465ee728b) (PreviewImporter) -> (artifact id: 'c05d3faa2a50f49b621cfbc7041c57af') in 0.0274434 seconds
Number of updated asset objects reloaded before import = 0Number of asset objects unloaded after import = 3

========================================================================
Received Import Request.
  Time since last request: 0.000107 seconds.
  path: Assets/Sprites/Enemy/Hurt/0_Orc_Hurt_004.png
  artifactKey: Guid(a02900a4e115a574abae0d5a743832e5) Importer(815301076,1909f56bfc062723c751e8b465ee728b)
Start importing Assets/Sprites/Enemy/Hurt/0_Orc_Hurt_004.png using Guid(a02900a4e115a574abae0d5a743832e5) Importer(815301076,1909f56bfc062723c751e8b465ee728b) (PreviewImporter) -> (artifact id: '904f163933e63087a0956228c016cbd5') in 0.026999 seconds
Number of updated asset objects reloaded before import = 0Number of asset objects unloaded after import = 3

========================================================================
Received Import Request.
  Time since last request: 0.000061 seconds.
  path: Assets/Sprites/Enemy/Idle Blinking/0_Orc_Idle Blinking_003.png
  artifactKey: Guid(b0f08b8861e196c46a9a9b4b3138b0e3) Importer(815301076,1909f56bfc062723c751e8b465ee728b)
Start importing Assets/Sprites/Enemy/Idle Blinking/0_Orc_Idle Blinking_003.png using Guid(b0f08b8861e196c46a9a9b4b3138b0e3) Importer(815301076,1909f56bfc062723c751e8b465ee728b) (PreviewImporter) -> (artifact id: '4c1262d2144e0977a5e4ec8f62955011') in 0.0260857 seconds
Number of updated asset objects reloaded before import = 0Number of asset objects unloaded after import = 3

========================================================================
Received Import Request.
  Time since last request: 0.000023 seconds.
  path: Assets/Sprites/Enemy/Jump Loop/0_Orc_Jump Loop_002.png
  artifactKey: Guid(465670c3bf90e744e8281cd6326263e3) Importer(815301076,1909f56bfc062723c751e8b465ee728b)
Start importing Assets/Sprites/Enemy/Jump Loop/0_Orc_Jump Loop_002.png using Guid(465670c3bf90e744e8281cd6326263e3) Importer(815301076,1909f56bfc062723c751e8b465ee728b) (PreviewImporter) -> (artifact id: '2905971550c0445052a45ede8792573d') in 0.0264678 seconds
Number of updated asset objects reloaded before import = 0Number of asset objects unloaded after import = 3

========================================================================
Received Import Request.
  Time since last request: 0.000020 seconds.
  path: Assets/Sprites/Enemy/Idle Blinking/0_Orc_Idle Blinking_014.png
  artifactKey: Guid(5db90c8e9326f394ca93a142076c9eaa) Importer(815301076,1909f56bfc062723c751e8b465ee728b)
Start importing Assets/Sprites/Enemy/Idle Blinking/0_Orc_Idle Blinking_014.png using Guid(5db90c8e9326f394ca93a142076c9eaa) Importer(815301076,1909f56bfc062723c751e8b465ee728b) (PreviewImporter) -> (artifact id: '8addb3346419ba78da594983b1329d33') in 0.0262419 seconds
Number of updated asset objects reloaded before import = 0Number of asset objects unloaded after import = 3

========================================================================
Received Import Request.
  Time since last request: 0.000021 seconds.
  path: Assets/Sprites/Enemy/Idle/0_Orc_Idle_005.png
  artifactKey: Guid(3f95d364d1a6d024db90f1187b58c8b3) Importer(815301076,1909f56bfc062723c751e8b465ee728b)
Start importing Assets/Sprites/Enemy/Idle/0_Orc_Idle_005.png using Guid(3f95d364d1a6d024db90f1187b58c8b3) Importer(815301076,1909f56bfc062723c751e8b465ee728b) (PreviewImporter) -> (artifact id: 'c0eec24a15ab403866a48d35a95dae26') in 0.0221209 seconds
Number of updated asset objects reloaded before import = 0Number of asset objects unloaded after import = 3

========================================================================
Received Import Request.
  Time since last request: 0.000034 seconds.
  path: Assets/Sprites/Enemy/Falling Down/0_Orc_Falling Down_004.png
  artifactKey: Guid(7be82c9dff075cc4aa5eb01da70d1f60) Importer(815301076,1909f56bfc062723c751e8b465ee728b)
Start importing Assets/Sprites/Enemy/Falling Down/0_Orc_Falling Down_004.png using Guid(7be82c9dff075cc4aa5eb01da70d1f60) Importer(815301076,1909f56bfc062723c751e8b465ee728b) (PreviewImporter) -> (artifact id: 'f5a79617f5c5529af208704fe487b6d4') in 0.023554 seconds
Number of updated asset objects reloaded before import = 0Number of asset objects unloaded after import = 3

========================================================================
Received Import Request.
  Time since last request: 0.000029 seconds.
  path: Assets/Sprites/Enemy/Jump Loop/0_Orc_Jump Loop_000.png
  artifactKey: Guid(9dc9f2c7cdf0ffc4b8348f4e01a88999) Importer(815301076,1909f56bfc062723c751e8b465ee728b)
Start importing Assets/Sprites/Enemy/Jump Loop/0_Orc_Jump Loop_000.png using Guid(9dc9f2c7cdf0ffc4b8348f4e01a88999) Importer(815301076,1909f56bfc062723c751e8b465ee728b) (PreviewImporter) -> (artifact id: '1a5b21baf3af7d28311d1822442f2895') in 0.0248878 seconds
Number of updated asset objects reloaded before import = 0Number of asset objects unloaded after import = 3

========================================================================
Received Import Request.
  Time since last request: 0.000042 seconds.
  path: Assets/Sprites/Enemy/Jump Loop/0_Orc_Jump Loop_001.png
  artifactKey: Guid(14738a73109aafd41a4dcc7c27f138ea) Importer(815301076,1909f56bfc062723c751e8b465ee728b)
Start importing Assets/Sprites/Enemy/Jump Loop/0_Orc_Jump Loop_001.png using Guid(14738a73109aafd41a4dcc7c27f138ea) Importer(815301076,1909f56bfc062723c751e8b465ee728b) (PreviewImporter) -> (artifact id: '9c01351e2757b05166e2e256b04d2935') in 0.0252736 seconds
Number of updated asset objects reloaded before import = 0Number of asset objects unloaded after import = 3

========================================================================
Received Import Request.
  Time since last request: 0.000020 seconds.
  path: Assets/Sprites/Enemy/Idle Blinking/0_Orc_Idle Blinking_015.png
  artifactKey: Guid(06c588fe2e6b4a24bb903b8d3f036614) Importer(815301076,1909f56bfc062723c751e8b465ee728b)
Start importing Assets/Sprites/Enemy/Idle Blinking/0_Orc_Idle Blinking_015.png using Guid(06c588fe2e6b4a24bb903b8d3f036614) Importer(815301076,1909f56bfc062723c751e8b465ee728b) (PreviewImporter) -> (artifact id: '8f3f6a44c331ec84e540eeb41539a17a') in 0.0240468 seconds
Number of updated asset objects reloaded before import = 0Number of asset objects unloaded after import = 3

========================================================================
Received Import Request.
  Time since last request: 0.000030 seconds.
  path: Assets/Sprites/Enemy/Idle/0_Orc_Idle_010.png
  artifactKey: Guid(0b530308e0d2c0b49bd8492a25b45aa1) Importer(815301076,1909f56bfc062723c751e8b465ee728b)
Start importing Assets/Sprites/Enemy/Idle/0_Orc_Idle_010.png using Guid(0b530308e0d2c0b49bd8492a25b45aa1) Importer(815301076,1909f56bfc062723c751e8b465ee728b) (PreviewImporter) -> (artifact id: '6618b681bc53369ff4f6ad1cd6910cf6') in 0.0230428 seconds
Number of updated asset objects reloaded before import = 0Number of asset objects unloaded after import = 3

========================================================================
Received Import Request.
  Time since last request: 0.000041 seconds.
  path: Assets/Sprites/Enemy/Hurt/0_Orc_Hurt_006.png
  artifactKey: Guid(a8b931de3ec0f294e91c1a3e92f74091) Importer(815301076,1909f56bfc062723c751e8b465ee728b)
Start importing Assets/Sprites/Enemy/Hurt/0_Orc_Hurt_006.png using Guid(a8b931de3ec0f294e91c1a3e92f74091) Importer(815301076,1909f56bfc062723c751e8b465ee728b) (PreviewImporter) -> (artifact id: 'f09a48e3860f0e0100f1222104721c7e') in 0.0258372 seconds
Number of updated asset objects reloaded before import = 0Number of asset objects unloaded after import = 3

========================================================================
Received Import Request.
  Time since last request: 0.000021 seconds.
  path: Assets/Sprites/Enemy/Idle/0_Orc_Idle_003.png
  artifactKey: Guid(04c41fde42c23b9468aa0c9e1cd36c6e) Importer(815301076,1909f56bfc062723c751e8b465ee728b)
Start importing Assets/Sprites/Enemy/Idle/0_Orc_Idle_003.png using Guid(04c41fde42c23b9468aa0c9e1cd36c6e) Importer(815301076,1909f56bfc062723c751e8b465ee728b) (PreviewImporter) -> (artifact id: 'ad27444d06f1c8c5ad5129f952446969') in 0.0248602 seconds
Number of updated asset objects reloaded before import = 0Number of asset objects unloaded after import = 3

========================================================================
Received Import Request.
  Time since last request: 0.000023 seconds.
  path: Assets/Sprites/Enemy/Idle Blinking/0_Orc_Idle Blinking_002.png
  artifactKey: Guid(09faebe40fee0754397fc89a87304766) Importer(815301076,1909f56bfc062723c751e8b465ee728b)
Start importing Assets/Sprites/Enemy/Idle Blinking/0_Orc_Idle Blinking_002.png using Guid(09faebe40fee0754397fc89a87304766) Importer(815301076,1909f56bfc062723c751e8b465ee728b) (PreviewImporter) -> (artifact id: 'b81a074eefb505747805e001383713ef') in 0.0274132 seconds
Number of updated asset objects reloaded before import = 0Number of asset objects unloaded after import = 3

========================================================================
Received Import Request.
  Time since last request: 0.000030 seconds.
  path: Assets/Sprites/Enemy/Dying/0_Orc_Dying_009.png
  artifactKey: Guid(4c89a5d54d877a649ba3bd8d57001ef3) Importer(815301076,1909f56bfc062723c751e8b465ee728b)
Start importing Assets/Sprites/Enemy/Dying/0_Orc_Dying_009.png using Guid(4c89a5d54d877a649ba3bd8d57001ef3) Importer(815301076,1909f56bfc062723c751e8b465ee728b) (PreviewImporter) -> (artifact id: '898207c9cb88c92e05f70d15090030bf') in 0.0264633 seconds
Number of updated asset objects reloaded before import = 0Number of asset objects unloaded after import = 3

========================================================================
Received Import Request.
  Time since last request: 0.000035 seconds.
  path: Assets/Sprites/Enemy/Hurt/0_Orc_Hurt_005.png
  artifactKey: Guid(4a202d24ebdc16846a0849d6a0d32f4b) Importer(815301076,1909f56bfc062723c751e8b465ee728b)
Start importing Assets/Sprites/Enemy/Hurt/0_Orc_Hurt_005.png using Guid(4a202d24ebdc16846a0849d6a0d32f4b) Importer(815301076,1909f56bfc062723c751e8b465ee728b) (PreviewImporter) -> (artifact id: 'ba9635b35625c8eb14e889474e024576') in 0.0285643 seconds
Number of updated asset objects reloaded before import = 0Number of asset objects unloaded after import = 3

========================================================================
Received Import Request.
  Time since last request: 0.000039 seconds.
  path: Assets/Sprites/Enemy/Idle/0_Orc_Idle_013.png
  artifactKey: Guid(45125bbc30d4e1446881fee0b4e91f37) Importer(815301076,1909f56bfc062723c751e8b465ee728b)
Start importing Assets/Sprites/Enemy/Idle/0_Orc_Idle_013.png using Guid(45125bbc30d4e1446881fee0b4e91f37) Importer(815301076,1909f56bfc062723c751e8b465ee728b) (PreviewImporter) -> (artifact id: 'f7bdadb6d84aa7948585642165e2bd62') in 0.0273412 seconds
Number of updated asset objects reloaded before import = 0Number of asset objects unloaded after import = 3

========================================================================
Received Import Request.
  Time since last request: 0.000020 seconds.
  path: Assets/Sprites/Enemy/Jump Start/0_Orc_Jump Start_002.png
  artifactKey: Guid(f18dd8df0d9ce53489876423a2df515e) Importer(815301076,1909f56bfc062723c751e8b465ee728b)
Start importing Assets/Sprites/Enemy/Jump Start/0_Orc_Jump Start_002.png using Guid(f18dd8df0d9ce53489876423a2df515e) Importer(815301076,1909f56bfc062723c751e8b465ee728b) (PreviewImporter) -> (artifact id: 'e07a065b1d6d7e993d0936993fc21455') in 0.0227927 seconds
Number of updated asset objects reloaded before import = 0Number of asset objects unloaded after import = 3

========================================================================
Received Import Request.
  Time since last request: 0.000019 seconds.
  path: Assets/Sprites/Enemy/Idle Blinking/0_Orc_Idle Blinking_013.png
  artifactKey: Guid(5a22ae9b771c3de4fa39ed3fdb6ff498) Importer(815301076,1909f56bfc062723c751e8b465ee728b)
Start importing Assets/Sprites/Enemy/Idle Blinking/0_Orc_Idle Blinking_013.png using Guid(5a22ae9b771c3de4fa39ed3fdb6ff498) Importer(815301076,1909f56bfc062723c751e8b465ee728b) (PreviewImporter) -> (artifact id: '119b50d46ae8f7fea1bd7135eb6a0422') in 0.0220835 seconds
Number of updated asset objects reloaded before import = 0Number of asset objects unloaded after import = 3

========================================================================
Received Import Request.
  Time since last request: 4.099783 seconds.
  path: Assets/Sprites/Enemy/Kicking/0_Orc_Kicking_002.png
  artifactKey: Guid(ba96158521eb0404c8c7eab2c3b45ef3) Importer(815301076,1909f56bfc062723c751e8b465ee728b)
Start importing Assets/Sprites/Enemy/Kicking/0_Orc_Kicking_002.png using Guid(ba96158521eb0404c8c7eab2c3b45ef3) Importer(815301076,1909f56bfc062723c751e8b465ee728b) (PreviewImporter) -> (artifact id: 'f2d7c784142cf47d97e967b9f1c0db83') in 0.0396006 seconds
Number of updated asset objects reloaded before import = 0Number of asset objects unloaded after import = 3

========================================================================
Received Import Request.
  Time since last request: 0.000037 seconds.
  path: Assets/Sprites/Enemy/Kicking/0_Orc_Kicking_004.png
  artifactKey: Guid(3115014c920f5344b98e64bf473b1a17) Importer(815301076,1909f56bfc062723c751e8b465ee728b)
Start importing Assets/Sprites/Enemy/Kicking/0_Orc_Kicking_004.png using Guid(3115014c920f5344b98e64bf473b1a17) Importer(815301076,1909f56bfc062723c751e8b465ee728b) (PreviewImporter) -> (artifact id: '6ad57bd231a378a37c01ba988ba3a91b') in 0.0255957 seconds
Number of updated asset objects reloaded before import = 0Number of asset objects unloaded after import = 3

========================================================================
Received Import Request.
  Time since last request: 0.000080 seconds.
  path: Assets/Sprites/Enemy/Kicking/0_Orc_Kicking_011.png
  artifactKey: Guid(7cd07a1b561d6bb40b9e85c9693b934a) Importer(815301076,1909f56bfc062723c751e8b465ee728b)
Start importing Assets/Sprites/Enemy/Kicking/0_Orc_Kicking_011.png using Guid(7cd07a1b561d6bb40b9e85c9693b934a) Importer(815301076,1909f56bfc062723c751e8b465ee728b) (PreviewImporter) -> (artifact id: '491f394fc3eca40339238a58f9890ea6') in 0.025824 seconds
Number of updated asset objects reloaded before import = 0Number of asset objects unloaded after import = 3

========================================================================
Received Import Request.
  Time since last request: 0.000026 seconds.
  path: Assets/Sprites/Enemy/Kicking/0_Orc_Kicking_007.png
  artifactKey: Guid(4200ff6fa6822914da407a3b066c83ec) Importer(815301076,1909f56bfc062723c751e8b465ee728b)
Start importing Assets/Sprites/Enemy/Kicking/0_Orc_Kicking_007.png using Guid(4200ff6fa6822914da407a3b066c83ec) Importer(815301076,1909f56bfc062723c751e8b465ee728b) (PreviewImporter) -> (artifact id: '82f71301ce77514683bbc07d399d25ab') in 0.025629 seconds
Number of updated asset objects reloaded before import = 0Number of asset objects unloaded after import = 3

========================================================================
Received Import Request.
  Time since last request: 0.017187 seconds.
  path: Assets/Sprites/Enemy/Run Slashing/0_Orc_Run Slashing_001.png
  artifactKey: Guid(f2c0bd9cdecac434dba0ec403707fa67) Importer(815301076,1909f56bfc062723c751e8b465ee728b)
Start importing Assets/Sprites/Enemy/Run Slashing/0_Orc_Run Slashing_001.png using Guid(f2c0bd9cdecac434dba0ec403707fa67) Importer(815301076,1909f56bfc062723c751e8b465ee728b) (PreviewImporter) -> (artifact id: '46d17bdf0ddef8b2b94fe37e23c78306') in 0.0241592 seconds
Number of updated asset objects reloaded before import = 0Number of asset objects unloaded after import = 3

========================================================================
Received Import Request.
  Time since last request: 0.000030 seconds.
  path: Assets/Sprites/Enemy/Run Slashing/0_Orc_Run Slashing_010.png
  artifactKey: Guid(76184c46cf0ec2a41baf7516094c484e) Importer(815301076,1909f56bfc062723c751e8b465ee728b)
Start importing Assets/Sprites/Enemy/Run Slashing/0_Orc_Run Slashing_010.png using Guid(76184c46cf0ec2a41baf7516094c484e) Importer(815301076,1909f56bfc062723c751e8b465ee728b) (PreviewImporter) -> (artifact id: '24bcf4d42d412011c06fc60ac26ecdd2') in 0.0297708 seconds
Number of updated asset objects reloaded before import = 0Number of asset objects unloaded after import = 3

========================================================================
Received Import Request.
  Time since last request: 0.000024 seconds.
  path: Assets/Sprites/Enemy/Run Slashing/0_Orc_Run Slashing_004.png
  artifactKey: Guid(fe7477ba3089084438bdcb6d308a073d) Importer(815301076,1909f56bfc062723c751e8b465ee728b)
Start importing Assets/Sprites/Enemy/Run Slashing/0_Orc_Run Slashing_004.png using Guid(fe7477ba3089084438bdcb6d308a073d) Importer(815301076,1909f56bfc062723c751e8b465ee728b) (PreviewImporter) -> (artifact id: '6567b4a17fffc5a1bb3069b008a4483f') in 0.0238453 seconds
Number of updated asset objects reloaded before import = 0Number of asset objects unloaded after import = 3

========================================================================
Received Import Request.
  Time since last request: 0.000070 seconds.
  path: Assets/Sprites/Enemy/Run Slashing/0_Orc_Run Slashing_003.png
  artifactKey: Guid(a9aa3a23b4eb55249a519f9b5610d53b) Importer(815301076,1909f56bfc062723c751e8b465ee728b)
Start importing Assets/Sprites/Enemy/Run Slashing/0_Orc_Run Slashing_003.png using Guid(a9aa3a23b4eb55249a519f9b5610d53b) Importer(815301076,1909f56bfc062723c751e8b465ee728b) (PreviewImporter) -> (artifact id: 'e3ab43379dc875281c8a1d2abcd3bed7') in 0.0250712 seconds
Number of updated asset objects reloaded before import = 0Number of asset objects unloaded after import = 3

========================================================================
Received Import Request.
  Time since last request: 0.511022 seconds.
  path: Assets/Sprites/Enemy/Run Throwing/0_Orc_Run Throwing_002.png
  artifactKey: Guid(013443b8c52289f4da50301cf2149bd8) Importer(815301076,1909f56bfc062723c751e8b465ee728b)
Start importing Assets/Sprites/Enemy/Run Throwing/0_Orc_Run Throwing_002.png using Guid(013443b8c52289f4da50301cf2149bd8) Importer(815301076,1909f56bfc062723c751e8b465ee728b) (PreviewImporter) -> (artifact id: '2c8bb07d61c695e4d71d884f54c47cbc') in 0.0214453 seconds
Number of updated asset objects reloaded before import = 0Number of asset objects unloaded after import = 3

========================================================================
Received Import Request.
  Time since last request: 0.000026 seconds.
  path: Assets/Sprites/Enemy/Run Throwing/0_Orc_Run Throwing_010.png
  artifactKey: Guid(07797834ffd412d4eb8083733642353c) Importer(815301076,1909f56bfc062723c751e8b465ee728b)
Start importing Assets/Sprites/Enemy/Run Throwing/0_Orc_Run Throwing_010.png using Guid(07797834ffd412d4eb8083733642353c) Importer(815301076,1909f56bfc062723c751e8b465ee728b) (PreviewImporter) -> (artifact id: 'acf57f0259228ec70cf6d9e76b141f4f') in 0.0242881 seconds
Number of updated asset objects reloaded before import = 0Number of asset objects unloaded after import = 3

========================================================================
Received Import Request.
  Time since last request: 0.000036 seconds.
  path: Assets/Sprites/Enemy/Running/0_Orc_Running_005.png
  artifactKey: Guid(7685f930b14824e41893169ae94e8e4c) Importer(815301076,1909f56bfc062723c751e8b465ee728b)
Start importing Assets/Sprites/Enemy/Running/0_Orc_Running_005.png using Guid(7685f930b14824e41893169ae94e8e4c) Importer(815301076,1909f56bfc062723c751e8b465ee728b) (PreviewImporter) -> (artifact id: '521341be070506a69de2ef9b024e2364') in 0.0233703 seconds
Number of updated asset objects reloaded before import = 0Number of asset objects unloaded after import = 3

========================================================================
Received Import Request.
  Time since last request: 0.000021 seconds.
  path: Assets/Sprites/Enemy/Slashing in The Air/0_Orc_Slashing in The Air_002.png
  artifactKey: Guid(3d0aef3b2bd9bb746b604df8c376468a) Importer(815301076,1909f56bfc062723c751e8b465ee728b)
Start importing Assets/Sprites/Enemy/Slashing in The Air/0_Orc_Slashing in The Air_002.png using Guid(3d0aef3b2bd9bb746b604df8c376468a) Importer(815301076,1909f56bfc062723c751e8b465ee728b) (PreviewImporter) -> (artifact id: 'c21128a22fd1ed878d600c50e589a259') in 0.0232012 seconds
Number of updated asset objects reloaded before import = 0Number of asset objects unloaded after import = 3

========================================================================
Received Import Request.
  Time since last request: 0.000032 seconds.
  path: Assets/Sprites/Enemy/Run Throwing/0_Orc_Run Throwing_003.png
  artifactKey: Guid(049ac3aaff39d8748b74d2774da29bcf) Importer(815301076,1909f56bfc062723c751e8b465ee728b)
Start importing Assets/Sprites/Enemy/Run Throwing/0_Orc_Run Throwing_003.png using Guid(049ac3aaff39d8748b74d2774da29bcf) Importer(815301076,1909f56bfc062723c751e8b465ee728b) (PreviewImporter) -> (artifact id: '792710771f301b05224244142aeb7422') in 0.0246765 seconds
Number of updated asset objects reloaded before import = 0Number of asset objects unloaded after import = 3

========================================================================
Received Import Request.
  Time since last request: 0.000027 seconds.
  path: Assets/Sprites/Enemy/Slashing in The Air/0_Orc_Slashing in The Air_001.png
  artifactKey: Guid(d9cbef7adeb3c56419a23eb45ba36cb3) Importer(815301076,1909f56bfc062723c751e8b465ee728b)
Start importing Assets/Sprites/Enemy/Slashing in The Air/0_Orc_Slashing in The Air_001.png using Guid(d9cbef7adeb3c56419a23eb45ba36cb3) Importer(815301076,1909f56bfc062723c751e8b465ee728b) (PreviewImporter) -> (artifact id: '45da7554d7c976f509544f9d28e6af5e') in 0.0239788 seconds
Number of updated asset objects reloaded before import = 0Number of asset objects unloaded after import = 3

========================================================================
Received Import Request.
  Time since last request: 0.000027 seconds.
  path: Assets/Sprites/Enemy/Run Throwing/0_Orc_Run Throwing_006.png
  artifactKey: Guid(ff8edf6ce92e6e1458e692b2c61be92f) Importer(815301076,1909f56bfc062723c751e8b465ee728b)
Start importing Assets/Sprites/Enemy/Run Throwing/0_Orc_Run Throwing_006.png using Guid(ff8edf6ce92e6e1458e692b2c61be92f) Importer(815301076,1909f56bfc062723c751e8b465ee728b) (PreviewImporter) -> (artifact id: '65a748410d91a4a9bcc5ac308b71a923') in 0.0246446 seconds
Number of updated asset objects reloaded before import = 0Number of asset objects unloaded after import = 3

========================================================================
Received Import Request.
  Time since last request: 0.000040 seconds.
  path: Assets/Sprites/Enemy/Slashing in The Air/0_Orc_Slashing in The Air_008.png
  artifactKey: Guid(246ce9f31dfbce24782736169acc089d) Importer(815301076,1909f56bfc062723c751e8b465ee728b)
Start importing Assets/Sprites/Enemy/Slashing in The Air/0_Orc_Slashing in The Air_008.png using Guid(246ce9f31dfbce24782736169acc089d) Importer(815301076,1909f56bfc062723c751e8b465ee728b) (PreviewImporter) -> (artifact id: 'c541adc71d9d94db011f6c4af96a807f') in 0.0267767 seconds
Number of updated asset objects reloaded before import = 0Number of asset objects unloaded after import = 3

========================================================================
Received Import Request.
  Time since last request: 0.000026 seconds.
  path: Assets/Sprites/Enemy/Slashing in The Air/0_Orc_Slashing in The Air_004.png
  artifactKey: Guid(8414c7fbcaab02443a9b100db3c79972) Importer(815301076,1909f56bfc062723c751e8b465ee728b)
Start importing Assets/Sprites/Enemy/Slashing in The Air/0_Orc_Slashing in The Air_004.png using Guid(8414c7fbcaab02443a9b100db3c79972) Importer(815301076,1909f56bfc062723c751e8b465ee728b) (PreviewImporter) -> (artifact id: '8b748ed02b23d85c69def806d23593f1') in 0.0228545 seconds
Number of updated asset objects reloaded before import = 0Number of asset objects unloaded after import = 3

========================================================================
Received Import Request.
  Time since last request: 0.000030 seconds.
  path: Assets/Sprites/Enemy/Running/0_Orc_Running_010.png
  artifactKey: Guid(1f208b21b297b974694b8a7f94de6391) Importer(815301076,1909f56bfc062723c751e8b465ee728b)
Start importing Assets/Sprites/Enemy/Running/0_Orc_Running_010.png using Guid(1f208b21b297b974694b8a7f94de6391) Importer(815301076,1909f56bfc062723c751e8b465ee728b) (PreviewImporter) -> (artifact id: 'df69be0038e80cb484cbaccc40d12d60') in 0.0251246 seconds
Number of updated asset objects reloaded before import = 0Number of asset objects unloaded after import = 3

========================================================================
Received Import Request.
  Time since last request: 0.000032 seconds.
  path: Assets/Sprites/Enemy/Run Throwing/0_Orc_Run Throwing_011.png
  artifactKey: Guid(37f91c666034e294da9713967ddc29ac) Importer(815301076,1909f56bfc062723c751e8b465ee728b)
Start importing Assets/Sprites/Enemy/Run Throwing/0_Orc_Run Throwing_011.png using Guid(37f91c666034e294da9713967ddc29ac) Importer(815301076,1909f56bfc062723c751e8b465ee728b) (PreviewImporter) -> (artifact id: '75b439769cd7f88584c66e5c8912e9bd') in 0.0236358 seconds
Number of updated asset objects reloaded before import = 0Number of asset objects unloaded after import = 3

========================================================================
Received Import Request.
  Time since last request: 0.000033 seconds.
  path: Assets/Sprites/Enemy/Slashing in The Air/0_Orc_Slashing in The Air_010.png
  artifactKey: Guid(38f49885a76b0b54d867130f881a4fde) Importer(815301076,1909f56bfc062723c751e8b465ee728b)
Start importing Assets/Sprites/Enemy/Slashing in The Air/0_Orc_Slashing in The Air_010.png using Guid(38f49885a76b0b54d867130f881a4fde) Importer(815301076,1909f56bfc062723c751e8b465ee728b) (PreviewImporter) -> (artifact id: 'cf7963a84adb5c8e905f051c97bc3242') in 0.0224949 seconds
Number of updated asset objects reloaded before import = 0Number of asset objects unloaded after import = 3

========================================================================
Received Import Request.
  Time since last request: 2.659536 seconds.
  path: Assets/Sprites/Enemy/Slashing/0_Orc_Slashing_002.png
  artifactKey: Guid(a6d762023eac29b48b609c9d5fa7d737) Importer(815301076,1909f56bfc062723c751e8b465ee728b)
Start importing Assets/Sprites/Enemy/Slashing/0_Orc_Slashing_002.png using Guid(a6d762023eac29b48b609c9d5fa7d737) Importer(815301076,1909f56bfc062723c751e8b465ee728b) (PreviewImporter) -> (artifact id: 'f11bb2500f7d3b671c81151e5490ad99') in 0.0243144 seconds
Number of updated asset objects reloaded before import = 0Number of asset objects unloaded after import = 3

========================================================================
Received Import Request.
  Time since last request: 0.000021 seconds.
  path: Assets/Sprites/Enemy/Slashing/0_Orc_Slashing_009.png
  artifactKey: Guid(04f33ce7418f0a642b44ca3d47f2fe58) Importer(815301076,1909f56bfc062723c751e8b465ee728b)
Start importing Assets/Sprites/Enemy/Slashing/0_Orc_Slashing_009.png using Guid(04f33ce7418f0a642b44ca3d47f2fe58) Importer(815301076,1909f56bfc062723c751e8b465ee728b) (PreviewImporter) -> (artifact id: 'b9189eed34661d3a9fb5e36ddaf22ce8') in 0.0232072 seconds
Number of updated asset objects reloaded before import = 0Number of asset objects unloaded after import = 3

========================================================================
Received Import Request.
  Time since last request: 0.000035 seconds.
  path: Assets/Sprites/Enemy/Slashing/0_Orc_Slashing_008.png
  artifactKey: Guid(6565d64f6728c1b4b8eeeca61d8c04db) Importer(815301076,1909f56bfc062723c751e8b465ee728b)
Start importing Assets/Sprites/Enemy/Slashing/0_Orc_Slashing_008.png using Guid(6565d64f6728c1b4b8eeeca61d8c04db) Importer(815301076,1909f56bfc062723c751e8b465ee728b) (PreviewImporter) -> (artifact id: 'ccce62c4709289dc29e1b343f8c7bc31') in 0.0250318 seconds
Number of updated asset objects reloaded before import = 0Number of asset objects unloaded after import = 3

========================================================================
Received Import Request.
  Time since last request: 0.000063 seconds.
  path: Assets/Sprites/Enemy/Slashing/0_Orc_Slashing_003.png
  artifactKey: Guid(09ac1dda246b65449a29c6641af5c30b) Importer(815301076,1909f56bfc062723c751e8b465ee728b)
Start importing Assets/Sprites/Enemy/Slashing/0_Orc_Slashing_003.png using Guid(09ac1dda246b65449a29c6641af5c30b) Importer(815301076,1909f56bfc062723c751e8b465ee728b) (PreviewImporter) -> (artifact id: '781c8fb85526df258d7bf399c4bf8c33') in 0.024088 seconds
Number of updated asset objects reloaded before import = 0Number of asset objects unloaded after import = 3

Editor requested this worker to shutdown with reason: Scaling down because of idle timeout
AssetImportWorker is now disconnected from the server
Process exiting
Exiting without the bug reporter. Application will terminate with return code 0